#
# There is insufficient memory for the Java Runtime Environment to continue.
# Native memory allocation (mmap) failed to map 266338304 bytes for Failed to commit area from 0x0000000702c00000 to 0x0000000712a00000 of length 266338304.
# Possible reasons:
#   The system is out of physical RAM or swap space
#   The process is running with CompressedOops enabled, and the Java Heap may be blocking the growth of the native heap
# Possible solutions:
#   Reduce memory load on the system
#   Increase physical memory or swap space
#   Check if swap backing store is full
#   Decrease Java heap size (-Xmx/-Xms)
#   Decrease number of Java threads
#   Decrease Java thread stack sizes (-Xss)
#   Set larger code cache with -XX:ReservedCodeCacheSize=
# This output file may be truncated or incomplete.
#
#  Out of Memory Error (src/hotspot/os/windows/os_windows.cpp:3624), pid=24000, tid=25168
#
# JRE version:  (11.0.14.1+1) (build )
# Java VM: OpenJDK 64-Bit Server VM (11.0.14.1+1-b2043.25, mixed mode, sharing, tiered, compressed oops, g1 gc, windows-amd64)
# No core dump will be written. Minidumps are not enabled by default on client versions of Windows
#

---------------  S U M M A R Y ------------

Command Line: git4idea.http.GitAskPassApp Username for 'https://github.com': 

Host: Intel(R) Core(TM) i5-9300H CPU @ 2.40GHz, 8 cores, 15G,  Windows 11 , 64 bit Build 22621 (10.0.22621.3527)
Time: Sun Jun  9 20:14:25 2024 中国标准时间 elapsed time: 0.058110 seconds (0d 0h 0m 0s)

---------------  T H R E A D  ---------------

Current thread (0x000002172b2de000):  JavaThread "Unknown thread" [_thread_in_vm, id=25168, stack(0x0000009b80e00000,0x0000009b80f00000)]

Stack: [0x0000009b80e00000,0x0000009b80f00000]
Native frames: (J=compiled Java code, j=interpreted, Vv=VM code, C=native code)
V  [jvm.dll+0x61618a]
V  [jvm.dll+0x79c450]
V  [jvm.dll+0x79da6d]
V  [jvm.dll+0x79e143]
V  [jvm.dll+0x24c968]
V  [jvm.dll+0x6131f4]
V  [jvm.dll+0x607ef5]
V  [jvm.dll+0x30b35b]
V  [jvm.dll+0x30b2ca]
V  [jvm.dll+0x30b1a2]
V  [jvm.dll+0x3100f6]
V  [jvm.dll+0x35b7e3]
V  [jvm.dll+0x35bee6]
V  [jvm.dll+0x35b8e3]
V  [jvm.dll+0x2e5b68]
V  [jvm.dll+0x2e6d17]
V  [jvm.dll+0x779087]
V  [jvm.dll+0x77a87c]
V  [jvm.dll+0x368d99]
V  [jvm.dll+0x75c9de]
V  [jvm.dll+0x3d6d53]
V  [jvm.dll+0x3d92f1]
C  [jli.dll+0x536b]
C  [ucrtbase.dll+0x29333]
C  [KERNEL32.DLL+0x1257d]
C  [ntdll.dll+0x5aa48]


---------------  P R O C E S S  ---------------

Threads class SMR info:
_java_thread_list=0x000002172b204070, length=0, elements={
}

Java Threads: ( => current thread )

Other Threads:
  0x000002172d359000 GCTaskThread "GC Thread#0" [stack: 0x0000009b80f00000,0x0000009b81000000] [id=23236]
  0x000002172d3b4800 ConcurrentGCThread "G1 Main Marker" [stack: 0x0000009b81000000,0x0000009b81100000] [id=14688]
  0x000002172d3b7000 ConcurrentGCThread "G1 Conc#0" [stack: 0x0000009b81100000,0x0000009b81200000] [id=3272]

[error occurred during error reporting (printing all threads), id 0xc0000005, EXCEPTION_ACCESS_VIOLATION (0xc0000005) at pc=0x00007ff9268f6177]

VM state:not at safepoint (not fully initialized)

VM Mutex/Monitor currently owned by a thread:  ([mutex/lock_event])
[0x000002172b2dbdd0] Heap_lock - owner thread: 0x000002172b2de000

Heap address: 0x0000000702c00000, size: 4052 MB, Compressed Oops mode: Non-zero based: 0x0000000702c00000
Narrow klass base: 0x0000000000000000, Narrow klass shift: 0

GC Heap History (0 events):
No events

Deoptimization events (0 events):
No events

Classes redefined (0 events):
No events

Internal exceptions (0 events):
No events

Events (1 events):
Event: 0.006 Loaded shared library D:\ideaIC-2022.1.win\jbr\bin\zip.dll


Dynamic libraries:
0x00007ff7b3dc0000 - 0x00007ff7b3dca000 	D:\ideaIC-2022.1.win\jbr\bin\java.exe
0x00007ff9bfe10000 - 0x00007ff9c0027000 	C:\WINDOWS\SYSTEM32\ntdll.dll
0x00007ff9be050000 - 0x00007ff9be114000 	C:\WINDOWS\System32\KERNEL32.DLL
0x00007ff9bd1a0000 - 0x00007ff9bd547000 	C:\WINDOWS\System32\KERNELBASE.dll
0x00007ff9bd550000 - 0x00007ff9bd661000 	C:\WINDOWS\System32\ucrtbase.dll
0x00007ff997c40000 - 0x00007ff997c56000 	D:\ideaIC-2022.1.win\jbr\bin\VCRUNTIME140.dll
0x00007ff997fa0000 - 0x00007ff997fb9000 	D:\ideaIC-2022.1.win\jbr\bin\jli.dll
0x00007ff9bdbf0000 - 0x00007ff9bdd9e000 	C:\WINDOWS\System32\USER32.dll
0x00007ff9a5380000 - 0x00007ff9a5613000 	C:\WINDOWS\WinSxS\amd64_microsoft.windows.common-controls_6595b64144ccf1df_6.0.22621.3527_none_270e469b73872a76\COMCTL32.dll
0x00007ff9bd760000 - 0x00007ff9bd786000 	C:\WINDOWS\System32\win32u.dll
0x00007ff9bf450000 - 0x00007ff9bf4f7000 	C:\WINDOWS\System32\msvcrt.dll
0x00007ff9bdb40000 - 0x00007ff9bdb69000 	C:\WINDOWS\System32\GDI32.dll
0x00007ff9bd790000 - 0x00007ff9bd8a9000 	C:\WINDOWS\System32\gdi32full.dll
0x00007ff9bdaa0000 - 0x00007ff9bdb3a000 	C:\WINDOWS\System32\msvcp_win.dll
0x00007ff9bfbe0000 - 0x00007ff9bfc11000 	C:\WINDOWS\System32\IMM32.DLL
0x00007ff9679f0000 - 0x00007ff967a9a000 	D:\ideaIC-2022.1.win\jbr\bin\msvcp140.dll
0x00007ff926600000 - 0x00007ff92717a000 	D:\ideaIC-2022.1.win\jbr\bin\server\jvm.dll
0x00007ff9be8a0000 - 0x00007ff9be952000 	C:\WINDOWS\System32\ADVAPI32.dll
0x00007ff9bf500000 - 0x00007ff9bf5a8000 	C:\WINDOWS\System32\sechost.dll
0x00007ff9bd670000 - 0x00007ff9bd698000 	C:\WINDOWS\System32\bcrypt.dll
0x00007ff9bfcb0000 - 0x00007ff9bfdc5000 	C:\WINDOWS\System32\RPCRT4.dll
0x00007ff9be490000 - 0x00007ff9be498000 	C:\WINDOWS\System32\PSAPI.DLL
0x00007ff9b5c50000 - 0x00007ff9b5c84000 	C:\WINDOWS\SYSTEM32\WINMM.dll
0x00007ff9ac440000 - 0x00007ff9ac449000 	C:\WINDOWS\SYSTEM32\WSOCK32.dll
0x00007ff9b5940000 - 0x00007ff9b594a000 	C:\WINDOWS\SYSTEM32\VERSION.dll
0x00007ff9bdf60000 - 0x00007ff9bdfd1000 	C:\WINDOWS\System32\WS2_32.dll
0x00007ff9bc240000 - 0x00007ff9bc258000 	C:\WINDOWS\SYSTEM32\kernel.appcore.dll
0x00007ff9a7cb0000 - 0x00007ff9a7cc1000 	D:\ideaIC-2022.1.win\jbr\bin\verify.dll
0x00007ff9bab60000 - 0x00007ff9bad92000 	C:\WINDOWS\SYSTEM32\DBGHELP.DLL
0x00007ff9be500000 - 0x00007ff9be888000 	C:\WINDOWS\System32\combase.dll
0x00007ff9bf370000 - 0x00007ff9bf447000 	C:\WINDOWS\System32\OLEAUT32.dll
0x00007ff9b2ac0000 - 0x00007ff9b2af2000 	C:\WINDOWS\SYSTEM32\dbgcore.DLL
0x00007ff9bd8b0000 - 0x00007ff9bd929000 	C:\WINDOWS\System32\bcryptPrimitives.dll
0x00007ff9a1de0000 - 0x00007ff9a1e09000 	D:\ideaIC-2022.1.win\jbr\bin\java.dll
0x00007ff9ac2b0000 - 0x00007ff9ac2bb000 	D:\ideaIC-2022.1.win\jbr\bin\jimage.dll
0x00007ff9a3b70000 - 0x00007ff9a3b89000 	D:\ideaIC-2022.1.win\jbr\bin\zip.dll

dbghelp: loaded successfully - version: 4.0.5 - missing functions: none
symbol engine: initialized successfully - sym options: 0x614 - pdb path: .;D:\ideaIC-2022.1.win\jbr\bin;C:\WINDOWS\SYSTEM32;C:\WINDOWS\WinSxS\amd64_microsoft.windows.common-controls_6595b64144ccf1df_6.0.22621.3527_none_270e469b73872a76;D:\ideaIC-2022.1.win\jbr\bin\server

VM Arguments:
java_command: git4idea.http.GitAskPassApp Username for 'https://github.com': 
java_class_path (initial): D:/ideaIC-2022.1.win/plugins/git4idea/lib/git4idea-rt.jar;D:/ideaIC-2022.1.win/lib/externalProcess-rt.jar;D:/ideaIC-2022.1.win/lib/app.jar;D:/ideaIC-2022.1.win/lib/3rd-party-rt.jar
Launcher Type: SUN_STANDARD

[Global flags]
     intx CICompilerCount                          = 4                                         {product} {ergonomic}
     uint ConcGCThreads                            = 2                                         {product} {ergonomic}
     uint G1ConcRefinementThreads                  = 8                                         {product} {ergonomic}
   size_t G1HeapRegionSize                         = 1048576                                   {product} {ergonomic}
    uintx GCDrainStackTargetSize                   = 64                                        {product} {ergonomic}
   size_t InitialHeapSize                          = 266338304                                 {product} {ergonomic}
   size_t MarkStackSize                            = 4194304                                   {product} {ergonomic}
   size_t MaxHeapSize                              = 4248829952                                {product} {ergonomic}
   size_t MinHeapDeltaBytes                        = 1048576                                   {product} {ergonomic}
    uintx NonNMethodCodeHeapSize                   = 5836300                                {pd product} {ergonomic}
    uintx NonProfiledCodeHeapSize                  = 122910970                              {pd product} {ergonomic}
    uintx ProfiledCodeHeapSize                     = 122910970                              {pd product} {ergonomic}
    uintx ReservedCodeCacheSize                    = 251658240                              {pd product} {ergonomic}
     bool SegmentedCodeCache                       = true                                      {product} {ergonomic}
     bool UseCompressedClassPointers               = true                                 {lp64_product} {ergonomic}
     bool UseCompressedOops                        = true                                 {lp64_product} {ergonomic}
     bool UseG1GC                                  = true                                      {product} {ergonomic}
     bool UseLargePagesIndividualAllocation        = false                                  {pd product} {ergonomic}

Logging:
Log output configuration:
 #0: stdout all=warning uptime,level,tags
 #1: stderr all=off uptime,level,tags

Environment Variables:
JAVA_HOME=F:\mcl\jdk11
JRE_HOME=F:\mcl\jdk11\jre
PATH=F:\github\git\Git\mingw64\libexec\git-core;F:\github\git\Git\mingw64\libexec\git-core;F:\github\git\Git\mingw64\bin;F:\github\git\Git\usr\bin;C:\Users\dell\bin;F:\path\apache-maven-3.8.7\bin;C:\Windows\system32;C:\Windows;C:\Windows\System32\Wbem;C:\Windows\System32\WindowsPowerShell\v1.0;C:\Windows\System32\OpenSSH;C:\Program Files (x86)\NVIDIA Corporation\PhysX\Common;C:\Program Files\NVIDIA Corporation\NVIDIA NvDLISR;C:\WINDOWS\system32;C:\WINDOWS;C:\WINDOWS\System32\Wbem;C:\WINDOWS\System32\WindowsPowerShell\v1.0;C:\WINDOWS\System32\OpenSSH;C:\Program Files\dotnet;F:\github\git\Git\cmd;F:\tomcat\apache-tomcat-11.0.0-M4\apache-tomcat-11.0.0-M4\bin;F:\mcl\jdk11\bin;C:\Users\dell\AppData\Local\Microsoft\WindowsApps;F:\vscode\Microsoft VS Code\bin
USERNAME=dell
DISPLAY=:0.0
LC_ALL=en_US.UTF-8
OS=Windows_NT
PROCESSOR_IDENTIFIER=Intel64 Family 6 Model 158 Stepping 10, GenuineIntel



---------------  S Y S T E M  ---------------

OS: Windows 11 , 64 bit Build 22621 (10.0.22621.3527)
OS uptime: 0 days 12:31 hours

CPU:total 8 (initial active 8) (4 cores per cpu, 2 threads per core) family 6 model 158 stepping 10 microcode 0xde, cmov, cx8, fxsr, mmx, sse, sse2, sse3, ssse3, sse4.1, sse4.2, popcnt, avx, avx2, aes, clmul, erms, 3dnowpref, lzcnt, ht, tsc, tscinvbit, bmi1, bmi2, adx, fma

Memory: 4k page, system-wide physical 16202M (999M free)
TotalPageFile size 32586M (AvailPageFile size 12M)
current process WorkingSet (physical memory assigned to process): 11M, peak: 11M
current process commit charge ("private bytes"): 60M, peak: 314M

vm_info: OpenJDK 64-Bit Server VM (11.0.14.1+1-b2043.25) for windows-amd64 JRE (11.0.14.1+1-b2043.25), built on Mar 30 2022 06:22:56 by "" with MS VC++ 14.0 (VS2015)

END.
